Using pre-set license
Built from '2022.3/staging' branch; Version is '2022.3.7f1 (b16b3b16c7a0) revision 11627323'; Using compiler version '192829333'; Build Type 'Release'
OS: 'Windows 10  (10.0.19045) 64bit Core' Language: 'pt' Physical Memory: 24512 MB
BatchMode: 1, IsHumanControllingUs: 0, StartBugReporterOnCrash: 0, Is64bit: 1, IsPro: 1

COMMAND LINE ARGUMENTS:
C:\Program Files\Unity\Hub\Editor\2022.3.7f1\Editor\Unity.exe
-adb2
-batchMode
-noUpm
-name
AssetImportWorker4
-projectPath
C:/Users/Ryzen/Documents/GitHub/1BIT-Jam/1bit jam 2023
-logFile
Logs/AssetImportWorker4.log
-srvPort
58495
Successfully changed project path to: C:/Users/Ryzen/Documents/GitHub/1BIT-Jam/1bit jam 2023
C:/Users/Ryzen/Documents/GitHub/1BIT-Jam/1bit jam 2023
[UnityMemory] Configuration Parameters - Can be set up in boot.config
    "memorysetup-bucket-allocator-granularity=16"
    "memorysetup-bucket-allocator-bucket-count=8"
    "memorysetup-bucket-allocator-block-size=33554432"
    "memorysetup-bucket-allocator-block-count=8"
    "memorysetup-main-allocator-block-size=16777216"
    "memorysetup-thread-allocator-block-size=16777216"
    "memorysetup-gfx-main-allocator-block-size=16777216"
    "memorysetup-gfx-thread-allocator-block-size=16777216"
    "memorysetup-cache-allocator-block-size=4194304"
    "memorysetup-typetree-allocator-block-size=2097152"
    "memorysetup-profiler-bucket-allocator-granularity=16"
    "memorysetup-profiler-bucket-allocator-bucket-count=8"
    "memorysetup-profiler-bucket-allocator-block-size=33554432"
    "memorysetup-profiler-bucket-allocator-block-count=8"
    "memorysetup-profiler-allocator-block-size=16777216"
    "memorysetup-profiler-editor-allocator-block-size=1048576"
    "memorysetup-temp-allocator-size-main=16777216"
    "memorysetup-job-temp-allocator-block-size=2097152"
    "memorysetup-job-temp-allocator-block-size-background=1048576"
    "memorysetup-job-temp-allocator-reduction-small-platforms=262144"
    "memorysetup-allocator-temp-initial-block-size-main=262144"
    "memorysetup-allocator-temp-initial-block-size-worker=262144"
    "memorysetup-temp-allocator-size-background-worker=32768"
    "memorysetup-temp-allocator-size-job-worker=262144"
    "memorysetup-temp-allocator-size-preload-manager=33554432"
    "memorysetup-temp-allocator-size-nav-mesh-worker=65536"
    "memorysetup-temp-allocator-size-audio-worker=65536"
    "memorysetup-temp-allocator-size-cloud-worker=32768"
    "memorysetup-temp-allocator-size-gi-baking-worker=262144"
    "memorysetup-temp-allocator-size-gfx=262144"
Player connection [19720] Host "[IP] 25.56.220.80 [Port] 0 [Flags] 2 [Guid] 726674822 [EditorId] 726674822 [Version] 1048832 [Id] WindowsEditor(7,DESKTOP-8UK00G8) [Debug] 1 [PackageName] WindowsEditor [ProjectName] Editor" joined multi-casting on [225.0.0.222:54997]...

Player connection [19720] Host "[IP] 25.56.220.80 [Port] 0 [Flags] 2 [Guid] 726674822 [EditorId] 726674822 [Version] 1048832 [Id] WindowsEditor(7,DESKTOP-8UK00G8) [Debug] 1 [PackageName] WindowsEditor [ProjectName] Editor" joined alternative multi-casting on [225.0.0.222:34997]...

Refreshing native plugins compatible for Editor in 76.52 ms, found 4 plugins.
Preloading 0 native plugins for Editor in 0.00 ms.
Initialize engine version: 2022.3.7f1 (b16b3b16c7a0)
[Subsystems] Discovering subsystems at path C:/Program Files/Unity/Hub/Editor/2022.3.7f1/Editor/Data/Resources/UnitySubsystems
[Subsystems] Discovering subsystems at path C:/Users/Ryzen/Documents/GitHub/1BIT-Jam/1bit jam 2023/Assets
GfxDevice: creating device client; threaded=0; jobified=0
Direct3D:
    Version:  Direct3D 11.0 [level 11.1]
    Renderer: NVIDIA GeForce GTX 1050 Ti (ID=0x1c82)
    Vendor:   NVIDIA
    VRAM:     4017 MB
    Driver:   31.0.15.3623
Initialize mono
Mono path[0] = 'C:/Program Files/Unity/Hub/Editor/2022.3.7f1/Editor/Data/Managed'
Mono path[1] = 'C:/Program Files/Unity/Hub/Editor/2022.3.7f1/Editor/Data/MonoBleedingEdge/lib/mono/unityjit-win32'
Mono config path = 'C:/Program Files/Unity/Hub/Editor/2022.3.7f1/Editor/Data/MonoBleedingEdge/etc'
Using monoOptions --debugger-agent=transport=dt_socket,embedding=1,server=y,suspend=n,address=127.0.0.1:56496
Begin MonoManager ReloadAssembly
Registering precompiled unity dll's ...
Register platform support module: C:/Program Files/Unity/Hub/Editor/2022.3.7f1/Editor/Data/PlaybackEngines/WebGLSupport/UnityEditor.WebGL.Extensions.dll
Register platform support module: C:/Program Files/Unity/Hub/Editor/2022.3.7f1/Editor/Data/PlaybackEngines/AndroidPlayer/UnityEditor.Android.Extensions.dll
Register platform support module: C:/Program Files/Unity/Hub/Editor/2022.3.7f1/Editor/Data/PlaybackEngines/WindowsStandaloneSupport/UnityEditor.WindowsStandalone.Extensions.dll
Registered in 0.024861 seconds.
- Loaded All Assemblies, in  0.601 seconds
Native extension for WindowsStandalone target not found
Native extension for Android target not found
Android Extension - Scanning For ADB Devices 439 ms
Native extension for WebGL target not found
Mono: successfully reloaded assembly
- Finished resetting the current domain, in  0.850 seconds
Domain Reload Profiling: 1447ms
	BeginReloadAssembly (164ms)
		ExecutionOrderSort (0ms)
		DisableScriptedObjects (0ms)
		BackupInstance (0ms)
		ReleaseScriptingObjects (0ms)
		CreateAndSetChildDomain (1ms)
	RebuildCommonClasses (62ms)
	RebuildNativeTypeToScriptingClass (14ms)
	initialDomainReloadingComplete (108ms)
	LoadAllAssembliesAndSetupDomain (249ms)
		LoadAssemblies (160ms)
		RebuildTransferFunctionScriptingTraits (0ms)
		AnalyzeDomain (245ms)
			TypeCache.Refresh (244ms)
				TypeCache.ScanAssembly (229ms)
			ScanForSourceGeneratedMonoScriptInfo (0ms)
			ResolveRequiredComponents (1ms)
	FinalizeReload (851ms)
		ReleaseScriptCaches (0ms)
		RebuildScriptCaches (0ms)
		SetupLoadedEditorAssemblies (785ms)
			LogAssemblyErrors (0ms)
			InitializePlatformSupportModulesInManaged (607ms)
			SetLoadedEditorAssemblies (4ms)
			RefreshPlugins (0ms)
			BeforeProcessingInitializeOnLoad (3ms)
			ProcessInitializeOnLoadAttributes (115ms)
			ProcessInitializeOnLoadMethodAttributes (56ms)
			AfterProcessingInitializeOnLoad (0ms)
			EditorAssembliesLoaded (0ms)
		ExecutionOrderSort2 (0ms)
		AwakeInstancesAfterBackupRestoration (0ms)
========================================================================
Worker process is ready to serve import requests
Begin MonoManager ReloadAssembly
Symbol file LoadedFromMemory doesn't match image C:\Users\Ryzen\Documents\GitHub\1BIT-Jam\1bit jam 2023\Library\PackageCache\com.unity.visualscripting@1.8.0\Editor\VisualScripting.Core\Dependencies\YamlDotNet\Unity.VisualScripting.YamlDotNet.dll
Symbol file LoadedFromMemory doesn't match image C:\Users\Ryzen\Documents\GitHub\1BIT-Jam\1bit jam 2023\Library\PackageCache\com.unity.visualscripting@1.8.0\Editor\VisualScripting.Core\Dependencies\DotNetZip\Unity.VisualScripting.IonicZip.dll
- Loaded All Assemblies, in  0.982 seconds
Refreshing native plugins compatible for Editor in 8.88 ms, found 4 plugins.
Native extension for WindowsStandalone target not found
Native extension for Android target not found
Native extension for WebGL target not found
Mono: successfully reloaded assembly
- Finished resetting the current domain, in  1.048 seconds
Domain Reload Profiling: 2020ms
	BeginReloadAssembly (217ms)
		ExecutionOrderSort (0ms)
		DisableScriptedObjects (11ms)
		BackupInstance (0ms)
		ReleaseScriptingObjects (0ms)
		CreateAndSetChildDomain (26ms)
	RebuildCommonClasses (47ms)
	RebuildNativeTypeToScriptingClass (12ms)
	initialDomainReloadingComplete (70ms)
	LoadAllAssembliesAndSetupDomain (625ms)
		LoadAssemblies (519ms)
		RebuildTransferFunctionScriptingTraits (0ms)
		AnalyzeDomain (236ms)
			TypeCache.Refresh (200ms)
				TypeCache.ScanAssembly (174ms)
			ScanForSourceGeneratedMonoScriptInfo (28ms)
			ResolveRequiredComponents (6ms)
	FinalizeReload (1049ms)
		ReleaseScriptCaches (0ms)
		RebuildScriptCaches (0ms)
		SetupLoadedEditorAssemblies (803ms)
			LogAssemblyErrors (0ms)
			InitializePlatformSupportModulesInManaged (42ms)
			SetLoadedEditorAssemblies (7ms)
			RefreshPlugins (0ms)
			BeforeProcessingInitializeOnLoad (117ms)
			ProcessInitializeOnLoadAttributes (569ms)
			ProcessInitializeOnLoadMethodAttributes (50ms)
			AfterProcessingInitializeOnLoad (18ms)
			EditorAssembliesLoaded (0ms)
		ExecutionOrderSort2 (0ms)
		AwakeInstancesAfterBackupRestoration (7ms)
Launched and connected shader compiler UnityShaderCompiler.exe after 0.07 seconds
Refreshing native plugins compatible for Editor in 9.14 ms, found 4 plugins.
Preloading 0 native plugins for Editor in 0.00 ms.
Unloading 4245 Unused Serialized files (Serialized files now loaded: 0)
Unloading 81 unused Assets / (1.5 MB). Loaded Objects now: 4696.
Memory consumption went from 161.7 MB to 160.2 MB.
Total: 5.178700 ms (FindLiveObjects: 0.366000 ms CreateObjectMapping: 0.111600 ms MarkObjects: 4.155800 ms  DeleteObjects: 0.544000 ms)

AssetImportParameters requested are different than current active one (requested -> active):
  custom:container-demuxer-ogg: 62fdf1f143b41e24485cea50d1cbac27 -> 
  custom:video-decoder-ogg-theora: a1e56fd34408186e4bbccfd4996cb3dc -> 
  custom:framework-win-MediaFoundation: 216162199b28c13a410421893ffa2e32 -> 
  custom:CustomObjectIndexerAttribute: 756ad292c208cfabdd7b50bc23989ffe -> 
  custom:container-demuxer-webm: 4f35f7cbe854078d1ac9338744f61a02 -> 
  custom:container-muxer-webm: aa71ff27fc2769a1b78a27578f13a17b -> 
  custom:video-decoder-webm-vp8: 9c59270c3fd7afecdb556c50c9e8de78 -> 
  custom:SearchIndexIgnoredProperties: e643bd26f0fe6173181afceb89e7c659 -> 
  custom:AudioImporter_EditorPlatform: d09bf68614088b80899f8185d706f6e7 -> 
  custom:video-encoder-webm-vp8: eb34c28f22e8b96e1ab97ce403110664 -> 
  custom:audio-decoder-ogg-vorbis: bf7c407c2cedff20999df2af8eb42d56 -> 
  custom:audio-encoder-webm-vorbis: bf7c407c2cedff20999df2af8eb42d56 -> 
========================================================================
Received Import Request.
  Time since last request: 34453.980684 seconds.
  path: Assets/EnemyPrefabs/Shanker.prefab
  artifactKey: Guid(6f8f7d2200783754cbb94f5f2201ab57) Importer(815301076,1909f56bfc062723c751e8b465ee728b)
Start importing Assets/EnemyPrefabs/Shanker.prefab using Guid(6f8f7d2200783754cbb94f5f2201ab57) Importer(815301076,1909f56bfc062723c751e8b465ee728b)  -> (artifact id: 'f575b11afa0d7cc84086326a761e8bc6') in 0.184716 seconds
Internal: There are remaining Allocations on the JobTempAlloc. This is a leak, and will impact performance
To Debug, run app with -diag-job-temp-memory-leak-validation cmd line argument. This will output the callstacks of the leaked allocations.
Number of updated asset objects reloaded before import = 0
Number of asset objects unloaded after import = 98
========================================================================
Received Import Request.
  Time since last request: 10.388794 seconds.
  path: Assets/EnemyPrefabs/BasicmeleeDark.prefab
  artifactKey: Guid(c1797df921bb98142836661c22b38dc1) Importer(815301076,1909f56bfc062723c751e8b465ee728b)
Start importing Assets/EnemyPrefabs/BasicmeleeDark.prefab using Guid(c1797df921bb98142836661c22b38dc1) Importer(815301076,1909f56bfc062723c751e8b465ee728b)  -> (artifact id: 'bb4c113701c62f8c0d658f3a5de05d8c') in 0.053886 seconds
Internal: There are remaining Allocations on the JobTempAlloc. This is a leak, and will impact performance
To Debug, run app with -diag-job-temp-memory-leak-validation cmd line argument. This will output the callstacks of the leaked allocations.
Number of updated asset objects reloaded before import = 0
Number of asset objects unloaded after import = 76
========================================================================
Received Import Request.
  Time since last request: 7.083966 seconds.
  path: Assets/EnemyPrefabs/Shanker.prefab
  artifactKey: Guid(6f8f7d2200783754cbb94f5f2201ab57) Importer(815301076,1909f56bfc062723c751e8b465ee728b)
Start importing Assets/EnemyPrefabs/Shanker.prefab using Guid(6f8f7d2200783754cbb94f5f2201ab57) Importer(815301076,1909f56bfc062723c751e8b465ee728b)  -> (artifact id: 'dc82b59dba616b3e7ff5509a76a5cd4b') in 0.063323 seconds
Internal: There are remaining Allocations on the JobTempAlloc. This is a leak, and will impact performance
To Debug, run app with -diag-job-temp-memory-leak-validation cmd line argument. This will output the callstacks of the leaked allocations.
Number of updated asset objects reloaded before import = 0
Number of asset objects unloaded after import = 104
========================================================================
Received Import Request.
  Time since last request: 2.018595 seconds.
  path: Assets/EnemyPrefabs/Shanker.prefab
  artifactKey: Guid(6f8f7d2200783754cbb94f5f2201ab57) Importer(815301076,1909f56bfc062723c751e8b465ee728b)
Start importing Assets/EnemyPrefabs/Shanker.prefab using Guid(6f8f7d2200783754cbb94f5f2201ab57) Importer(815301076,1909f56bfc062723c751e8b465ee728b)  -> (artifact id: '96da43b2a499897b4e0972250fb0d82c') in 0.064694 seconds
Internal: There are remaining Allocations on the JobTempAlloc. This is a leak, and will impact performance
To Debug, run app with -diag-job-temp-memory-leak-validation cmd line argument. This will output the callstacks of the leaked allocations.
Number of updated asset objects reloaded before import = 0
Number of asset objects unloaded after import = 110
========================================================================
Received Import Request.
  Time since last request: 2.367058 seconds.
  path: Assets/EnemyPrefabs/Shanker.prefab
  artifactKey: Guid(6f8f7d2200783754cbb94f5f2201ab57) Importer(815301076,1909f56bfc062723c751e8b465ee728b)
Start importing Assets/EnemyPrefabs/Shanker.prefab using Guid(6f8f7d2200783754cbb94f5f2201ab57) Importer(815301076,1909f56bfc062723c751e8b465ee728b)  -> (artifact id: '34f478b42d39fbb229fc1b47061611c8') in 0.059651 seconds
Internal: There are remaining Allocations on the JobTempAlloc. This is a leak, and will impact performance
To Debug, run app with -diag-job-temp-memory-leak-validation cmd line argument. This will output the callstacks of the leaked allocations.
Number of updated asset objects reloaded before import = 0
Number of asset objects unloaded after import = 116
========================================================================
Received Import Request.
  Time since last request: 1.814793 seconds.
  path: Assets/EnemyPrefabs/Shanker.prefab
  artifactKey: Guid(6f8f7d2200783754cbb94f5f2201ab57) Importer(815301076,1909f56bfc062723c751e8b465ee728b)
Start importing Assets/EnemyPrefabs/Shanker.prefab using Guid(6f8f7d2200783754cbb94f5f2201ab57) Importer(815301076,1909f56bfc062723c751e8b465ee728b)  -> (artifact id: 'f931fa350c0e21a3a675ed4f85742645') in 0.064831 seconds
Internal: There are remaining Allocations on the JobTempAlloc. This is a leak, and will impact performance
To Debug, run app with -diag-job-temp-memory-leak-validation cmd line argument. This will output the callstacks of the leaked allocations.
Number of updated asset objects reloaded before import = 0
Number of asset objects unloaded after import = 122
========================================================================
Received Import Request.
  Time since last request: 1.776033 seconds.
  path: Assets/EnemyPrefabs/Shanker.prefab
  artifactKey: Guid(6f8f7d2200783754cbb94f5f2201ab57) Importer(815301076,1909f56bfc062723c751e8b465ee728b)
Start importing Assets/EnemyPrefabs/Shanker.prefab using Guid(6f8f7d2200783754cbb94f5f2201ab57) Importer(815301076,1909f56bfc062723c751e8b465ee728b)  -> (artifact id: '0b63dd712f618926d30c2de2ec7e0e27') in 0.071034 seconds
Internal: There are remaining Allocations on the JobTempAlloc. This is a leak, and will impact performance
To Debug, run app with -diag-job-temp-memory-leak-validation cmd line argument. This will output the callstacks of the leaked allocations.
Number of updated asset objects reloaded before import = 0
Number of asset objects unloaded after import = 128
========================================================================
Received Import Request.
  Time since last request: 5.289880 seconds.
  path: Assets/EnemyPrefabs/BasicmeleeDark.prefab
  artifactKey: Guid(c1797df921bb98142836661c22b38dc1) Importer(815301076,1909f56bfc062723c751e8b465ee728b)
Start importing Assets/EnemyPrefabs/BasicmeleeDark.prefab using Guid(c1797df921bb98142836661c22b38dc1) Importer(815301076,1909f56bfc062723c751e8b465ee728b)  -> (artifact id: 'e853a8e3fd38393c56ebd80d18ac1573') in 0.056436 seconds
Internal: There are remaining Allocations on the JobTempAlloc. This is a leak, and will impact performance
To Debug, run app with -diag-job-temp-memory-leak-validation cmd line argument. This will output the callstacks of the leaked allocations.
Number of updated asset objects reloaded before import = 0
Number of asset objects unloaded after import = 106
========================================================================
Received Import Request.
  Time since last request: 11.222951 seconds.
  path: Assets/EnemyPrefabs/BasicmeleeDark.prefab
  artifactKey: Guid(c1797df921bb98142836661c22b38dc1) Importer(815301076,1909f56bfc062723c751e8b465ee728b)
Start importing Assets/EnemyPrefabs/BasicmeleeDark.prefab using Guid(c1797df921bb98142836661c22b38dc1) Importer(815301076,1909f56bfc062723c751e8b465ee728b)  -> (artifact id: '7bdd522255dd148c552dcec5f3cdff33') in 0.055784 seconds
Internal: There are remaining Allocations on the JobTempAlloc. This is a leak, and will impact performance
To Debug, run app with -diag-job-temp-memory-leak-validation cmd line argument. This will output the callstacks of the leaked allocations.
Number of updated asset objects reloaded before import = 0
Number of asset objects unloaded after import = 106
========================================================================
Received Import Request.
  Time since last request: 1.759373 seconds.
  path: Assets/EnemyPrefabs/Shanker.prefab
  artifactKey: Guid(6f8f7d2200783754cbb94f5f2201ab57) Importer(815301076,1909f56bfc062723c751e8b465ee728b)
Start importing Assets/EnemyPrefabs/Shanker.prefab using Guid(6f8f7d2200783754cbb94f5f2201ab57) Importer(815301076,1909f56bfc062723c751e8b465ee728b)  -> (artifact id: '90c28d8b887994116055d5a6567948e2') in 0.062364 seconds
Internal: There are remaining Allocations on the JobTempAlloc. This is a leak, and will impact performance
To Debug, run app with -diag-job-temp-memory-leak-validation cmd line argument. This will output the callstacks of the leaked allocations.
Number of updated asset objects reloaded before import = 0
Number of asset objects unloaded after import = 128
========================================================================
Received Prepare
Begin MonoManager ReloadAssembly
Internal: deleting an allocation that is older than its permitted lifetime of 4 frames (age = 5)
Internal: deleting an allocation that is older than its permitted lifetime of 4 frames (age = 5)
Internal: deleting an allocation that is older than its permitted lifetime of 4 frames (age = 6)
Internal: deleting an allocation that is older than its permitted lifetime of 4 frames (age = 6)
Internal: deleting an allocation that is older than its permitted lifetime of 4 frames (age = 7)
Internal: deleting an allocation that is older than its permitted lifetime of 4 frames (age = 7)
Internal: deleting an allocation that is older than its permitted lifetime of 4 frames (age = 8)
Internal: deleting an allocation that is older than its permitted lifetime of 4 frames (age = 8)
Internal: deleting an allocation that is older than its permitted lifetime of 4 frames (age = 9)
Internal: deleting an allocation that is older than its permitted lifetime of 4 frames (age = 9)
Internal: deleting an allocation that is older than its permitted lifetime of 4 frames (age = 10)
Internal: deleting an allocation that is older than its permitted lifetime of 4 frames (age = 10)
Symbol file LoadedFromMemory doesn't match image C:\Users\Ryzen\Documents\GitHub\1BIT-Jam\1bit jam 2023\Library\PackageCache\com.unity.visualscripting@1.8.0\Editor\VisualScripting.Core\Dependencies\YamlDotNet\Unity.VisualScripting.YamlDotNet.dll
Symbol file LoadedFromMemory doesn't match image C:\Users\Ryzen\Documents\GitHub\1BIT-Jam\1bit jam 2023\Library\PackageCache\com.unity.visualscripting@1.8.0\Editor\VisualScripting.Core\Dependencies\DotNetZip\Unity.VisualScripting.IonicZip.dll
- Loaded All Assemblies, in  0.814 seconds
Refreshing native plugins compatible for Editor in 12.10 ms, found 4 plugins.
Native extension for WindowsStandalone target not found
Native extension for Android target not found
Native extension for WebGL target not found
Mono: successfully reloaded assembly
- Finished resetting the current domain, in  2.020 seconds
Domain Reload Profiling: 2823ms
	BeginReloadAssembly (263ms)
		ExecutionOrderSort (0ms)
		DisableScriptedObjects (21ms)
		BackupInstance (0ms)
		ReleaseScriptingObjects (0ms)
		CreateAndSetChildDomain (52ms)
	RebuildCommonClasses (52ms)
	RebuildNativeTypeToScriptingClass (19ms)
	initialDomainReloadingComplete (56ms)
	LoadAllAssembliesAndSetupDomain (412ms)
		LoadAssemblies (531ms)
		RebuildTransferFunctionScriptingTraits (0ms)
		AnalyzeDomain (20ms)
			TypeCache.Refresh (8ms)
				TypeCache.ScanAssembly (0ms)
			ScanForSourceGeneratedMonoScriptInfo (0ms)
			ResolveRequiredComponents (10ms)
	FinalizeReload (2021ms)
		ReleaseScriptCaches (0ms)
		RebuildScriptCaches (0ms)
		SetupLoadedEditorAssemblies (944ms)
			LogAssemblyErrors (0ms)
			InitializePlatformSupportModulesInManaged (51ms)
			SetLoadedEditorAssemblies (7ms)
			RefreshPlugins (0ms)
			BeforeProcessingInitializeOnLoad (157ms)
			ProcessInitializeOnLoadAttributes (659ms)
			ProcessInitializeOnLoadMethodAttributes (48ms)
			AfterProcessingInitializeOnLoad (22ms)
			EditorAssembliesLoaded (0ms)
		ExecutionOrderSort2 (0ms)
		AwakeInstancesAfterBackupRestoration (17ms)
Refreshing native plugins compatible for Editor in 10.71 ms, found 4 plugins.
Preloading 0 native plugins for Editor in 0.00 ms.
Unloading 4198 Unused Serialized files (Serialized files now loaded: 0)
Unloading 53 unused Assets / (1.4 MB). Loaded Objects now: 4709.
Memory consumption went from 150.4 MB to 148.9 MB.
Total: 5.700900 ms (FindLiveObjects: 0.522600 ms CreateObjectMapping: 0.417900 ms MarkObjects: 4.184400 ms  DeleteObjects: 0.574900 ms)

Prepare: number of updated asset objects reloaded= 0
AssetImportParameters requested are different than current active one (requested -> active):
  custom:container-demuxer-ogg: 62fdf1f143b41e24485cea50d1cbac27 -> 
  custom:video-decoder-ogg-theora: a1e56fd34408186e4bbccfd4996cb3dc -> 
  custom:framework-win-MediaFoundation: 216162199b28c13a410421893ffa2e32 -> 
  custom:CustomObjectIndexerAttribute: 756ad292c208cfabdd7b50bc23989ffe -> 
  custom:container-demuxer-webm: 4f35f7cbe854078d1ac9338744f61a02 -> 
  custom:container-muxer-webm: aa71ff27fc2769a1b78a27578f13a17b -> 
  custom:video-decoder-webm-vp8: 9c59270c3fd7afecdb556c50c9e8de78 -> 
  custom:SearchIndexIgnoredProperties: e643bd26f0fe6173181afceb89e7c659 -> 
  custom:AudioImporter_EditorPlatform: d09bf68614088b80899f8185d706f6e7 -> 
  custom:video-encoder-webm-vp8: eb34c28f22e8b96e1ab97ce403110664 -> 
  custom:audio-decoder-ogg-vorbis: bf7c407c2cedff20999df2af8eb42d56 -> 
  custom:audio-encoder-webm-vorbis: bf7c407c2cedff20999df2af8eb42d56 -> 
========================================================================
Received Import Request.
  Time since last request: 26.402295 seconds.
  path: Assets/EnemyPrefabs/BloodSplash/BloodDrop (1).prefab
  artifactKey: Guid(1a235c81bed96324681e970479e6656f) Importer(815301076,1909f56bfc062723c751e8b465ee728b)
Start importing Assets/EnemyPrefabs/BloodSplash/BloodDrop (1).prefab using Guid(1a235c81bed96324681e970479e6656f) Importer(815301076,1909f56bfc062723c751e8b465ee728b)  -> (artifact id: '6309a7b1656968c5e7fc91647c2945da') in 0.127571 seconds
Number of updated asset objects reloaded before import = 0
Number of asset objects unloaded after import = 40
========================================================================
Received Import Request.
  Time since last request: 0.000030 seconds.
  path: Assets/EnemyPrefabs/BloodSplash/blööd2.prefab
  artifactKey: Guid(d3f67772d4027194389afbe0fc9818ba) Importer(815301076,1909f56bfc062723c751e8b465ee728b)
Start importing Assets/EnemyPrefabs/BloodSplash/blööd2.prefab using Guid(d3f67772d4027194389afbe0fc9818ba) Importer(815301076,1909f56bfc062723c751e8b465ee728b)  -> (artifact id: 'd9970cbe7ca030e8de0e5a9652aeca59') in 0.010847 seconds
Number of updated asset objects reloaded before import = 0
Number of asset objects unloaded after import = 7
========================================================================
Received Import Request.
  Time since last request: 0.000026 seconds.
  path: Assets/EnemyPrefabs/BloodSplash/BloodDrop (3).prefab
  artifactKey: Guid(7941ec5f91b4c4e4eb030dae30839f55) Importer(815301076,1909f56bfc062723c751e8b465ee728b)
Start importing Assets/EnemyPrefabs/BloodSplash/BloodDrop (3).prefab using Guid(7941ec5f91b4c4e4eb030dae30839f55) Importer(815301076,1909f56bfc062723c751e8b465ee728b)  -> (artifact id: 'bf1ace244a461b27a7d48f6bd83065e2') in 0.016922 seconds
Number of updated asset objects reloaded before import = 0
Number of asset objects unloaded after import = 40
========================================================================
Received Import Request.
  Time since last request: 0.000056 seconds.
  path: Assets/EnemyPrefabs/BloodSplash/blööd3.prefab
  artifactKey: Guid(6096c2d82b4e09e45bbab0be48a38d07) Importer(815301076,1909f56bfc062723c751e8b465ee728b)
Start importing Assets/EnemyPrefabs/BloodSplash/blööd3.prefab using Guid(6096c2d82b4e09e45bbab0be48a38d07) Importer(815301076,1909f56bfc062723c751e8b465ee728b)  -> (artifact id: '5c4687ee06b52dc3696e7db7f9adf0a0') in 0.010186 seconds
Number of updated asset objects reloaded before import = 0
Number of asset objects unloaded after import = 7
========================================================================
Received Import Request.
  Time since last request: 0.000032 seconds.
  path: Assets/EnemyPrefabs/BloodSplash/blööd5.prefab
  artifactKey: Guid(a6e18c14e61c41b49b84cffae6a27534) Importer(815301076,1909f56bfc062723c751e8b465ee728b)
Start importing Assets/EnemyPrefabs/BloodSplash/blööd5.prefab using Guid(a6e18c14e61c41b49b84cffae6a27534) Importer(815301076,1909f56bfc062723c751e8b465ee728b)  -> (artifact id: '469d343d5f18e0dd164efd944c534f20') in 0.008858 seconds
Number of updated asset objects reloaded before import = 0
Number of asset objects unloaded after import = 7
========================================================================
Received Import Request.
  Time since last request: 3.874555 seconds.
  path: Assets/EnemyPrefabs/BloodSplash/blööd1.prefab
  artifactKey: Guid(052537de4c065c6419d6619004ee1f8f) Importer(815301076,1909f56bfc062723c751e8b465ee728b)
Start importing Assets/EnemyPrefabs/BloodSplash/blööd1.prefab using Guid(052537de4c065c6419d6619004ee1f8f) Importer(815301076,1909f56bfc062723c751e8b465ee728b)  -> (artifact id: 'b600c4b86cd575278a2a20f3ae42cd74') in 0.015376 seconds
Number of updated asset objects reloaded before import = 0
Number of asset objects unloaded after import = 7
========================================================================
Received Import Request.
  Time since last request: 9.458202 seconds.
  path: Assets/art/boolets/blööd1.png
  artifactKey: Guid(a921bc75d31cb884882952e3b942c3af) Importer(815301076,1909f56bfc062723c751e8b465ee728b)
Start importing Assets/art/boolets/blööd1.png using Guid(a921bc75d31cb884882952e3b942c3af) Importer(815301076,1909f56bfc062723c751e8b465ee728b)  -> (artifact id: 'ecf78826e7ff340914a974e879444eea') in 0.058663 seconds
Number of updated asset objects reloaded before import = 0
Number of asset objects unloaded after import = 3
========================================================================
Received Import Request.
  Time since last request: 0.000142 seconds.
  path: Assets/art/boolets/blööd4.png
  artifactKey: Guid(82f0d122fae5019489d3f167f70fe2e3) Importer(815301076,1909f56bfc062723c751e8b465ee728b)
Start importing Assets/art/boolets/blööd4.png using Guid(82f0d122fae5019489d3f167f70fe2e3) Importer(815301076,1909f56bfc062723c751e8b465ee728b)  -> (artifact id: '837bf8a591a6218f3dabd8cbab74099c') in 0.036971 seconds
Number of updated asset objects reloaded before import = 0
Number of asset objects unloaded after import = 3
========================================================================
Received Prepare
Begin MonoManager ReloadAssembly
Symbol file LoadedFromMemory doesn't match image C:\Users\Ryzen\Documents\GitHub\1BIT-Jam\1bit jam 2023\Library\PackageCache\com.unity.visualscripting@1.8.0\Editor\VisualScripting.Core\Dependencies\YamlDotNet\Unity.VisualScripting.YamlDotNet.dll
Symbol file LoadedFromMemory doesn't match image C:\Users\Ryzen\Documents\GitHub\1BIT-Jam\1bit jam 2023\Library\PackageCache\com.unity.visualscripting@1.8.0\Editor\VisualScripting.Core\Dependencies\DotNetZip\Unity.VisualScripting.IonicZip.dll
- Loaded All Assemblies, in  0.854 seconds
Refreshing native plugins compatible for Editor in 13.02 ms, found 4 plugins.
Native extension for WindowsStandalone target not found
Native extension for Android target not found
Native extension for WebGL target not found
Mono: successfully reloaded assembly
- Finished resetting the current domain, in  2.104 seconds
Domain Reload Profiling: 2945ms
	BeginReloadAssembly (261ms)
		ExecutionOrderSort (0ms)
		DisableScriptedObjects (19ms)
		BackupInstance (0ms)
		ReleaseScriptingObjects (0ms)
		CreateAndSetChildDomain (55ms)
	RebuildCommonClasses (51ms)
	RebuildNativeTypeToScriptingClass (20ms)
	initialDomainReloadingComplete (59ms)
	LoadAllAssembliesAndSetupDomain (449ms)
		LoadAssemblies (567ms)
		RebuildTransferFunctionScriptingTraits (0ms)
		AnalyzeDomain (19ms)
			TypeCache.Refresh (8ms)
				TypeCache.ScanAssembly (0ms)
			ScanForSourceGeneratedMonoScriptInfo (0ms)
			ResolveRequiredComponents (9ms)
	FinalizeReload (2105ms)
		ReleaseScriptCaches (0ms)
		RebuildScriptCaches (0ms)
		SetupLoadedEditorAssemblies (963ms)
			LogAssemblyErrors (0ms)
			InitializePlatformSupportModulesInManaged (55ms)
			SetLoadedEditorAssemblies (8ms)
			RefreshPlugins (0ms)
			BeforeProcessingInitializeOnLoad (158ms)
			ProcessInitializeOnLoadAttributes (667ms)
			ProcessInitializeOnLoadMethodAttributes (53ms)
			AfterProcessingInitializeOnLoad (22ms)
			EditorAssembliesLoaded (0ms)
		ExecutionOrderSort2 (0ms)
		AwakeInstancesAfterBackupRestoration (19ms)
Refreshing native plugins compatible for Editor in 12.09 ms, found 4 plugins.
Preloading 0 native plugins for Editor in 0.00 ms.
Unloading 4198 Unused Serialized files (Serialized files now loaded: 0)
Unloading 53 unused Assets / (1.4 MB). Loaded Objects now: 4717.
Memory consumption went from 150.4 MB to 148.9 MB.
Total: 6.473500 ms (FindLiveObjects: 0.487000 ms CreateObjectMapping: 0.161900 ms MarkObjects: 5.044400 ms  DeleteObjects: 0.778500 ms)

Prepare: number of updated asset objects reloaded= 0
AssetImportParameters requested are different than current active one (requested -> active):
  custom:container-demuxer-ogg: 62fdf1f143b41e24485cea50d1cbac27 -> 
  custom:video-decoder-ogg-theora: a1e56fd34408186e4bbccfd4996cb3dc -> 
  custom:framework-win-MediaFoundation: 216162199b28c13a410421893ffa2e32 -> 
  custom:CustomObjectIndexerAttribute: 756ad292c208cfabdd7b50bc23989ffe -> 
  custom:container-demuxer-webm: 4f35f7cbe854078d1ac9338744f61a02 -> 
  custom:container-muxer-webm: aa71ff27fc2769a1b78a27578f13a17b -> 
  custom:video-decoder-webm-vp8: 9c59270c3fd7afecdb556c50c9e8de78 -> 
  custom:SearchIndexIgnoredProperties: e643bd26f0fe6173181afceb89e7c659 -> 
  custom:AudioImporter_EditorPlatform: d09bf68614088b80899f8185d706f6e7 -> 
  custom:video-encoder-webm-vp8: eb34c28f22e8b96e1ab97ce403110664 -> 
  custom:audio-decoder-ogg-vorbis: bf7c407c2cedff20999df2af8eb42d56 -> 
  custom:audio-encoder-webm-vorbis: bf7c407c2cedff20999df2af8eb42d56 -> 
========================================================================
Received Import Request.
  Time since last request: 33.671483 seconds.
  path: Assets/art/boolets/blööd1.png
  artifactKey: Guid(a921bc75d31cb884882952e3b942c3af) Importer(815301076,1909f56bfc062723c751e8b465ee728b)
Start importing Assets/art/boolets/blööd1.png using Guid(a921bc75d31cb884882952e3b942c3af) Importer(815301076,1909f56bfc062723c751e8b465ee728b)  -> (artifact id: 'a236f9bd5ddfc4d4a12e45c2e5407f8d') in 0.101837 seconds
Number of updated asset objects reloaded before import = 0
Number of asset objects unloaded after import = 3
========================================================================
Received Import Request.
  Time since last request: 0.000022 seconds.
  path: Assets/art/boolets/blööd5.png
  artifactKey: Guid(0d108f74290834b4e8ee1782d73c2377) Importer(815301076,1909f56bfc062723c751e8b465ee728b)
Start importing Assets/art/boolets/blööd5.png using Guid(0d108f74290834b4e8ee1782d73c2377) Importer(815301076,1909f56bfc062723c751e8b465ee728b)  -> (artifact id: '26a82095f0bad9d47108bb5daf1cd7a9') in 0.033494 seconds
Number of updated asset objects reloaded before import = 0
Number of asset objects unloaded after import = 3
========================================================================
Received Prepare
Begin MonoManager ReloadAssembly
Symbol file LoadedFromMemory doesn't match image C:\Users\Ryzen\Documents\GitHub\1BIT-Jam\1bit jam 2023\Library\PackageCache\com.unity.visualscripting@1.8.0\Editor\VisualScripting.Core\Dependencies\YamlDotNet\Unity.VisualScripting.YamlDotNet.dll
Symbol file LoadedFromMemory doesn't match image C:\Users\Ryzen\Documents\GitHub\1BIT-Jam\1bit jam 2023\Library\PackageCache\com.unity.visualscripting@1.8.0\Editor\VisualScripting.Core\Dependencies\DotNetZip\Unity.VisualScripting.IonicZip.dll
- Loaded All Assemblies, in  0.945 seconds
Refreshing native plugins compatible for Editor in 11.86 ms, found 4 plugins.
Native extension for WindowsStandalone target not found
Native extension for Android target not found
Native extension for WebGL target not found
Mono: successfully reloaded assembly
- Finished resetting the current domain, in  2.085 seconds
Domain Reload Profiling: 3014ms
	BeginReloadAssembly (305ms)
		ExecutionOrderSort (0ms)
		DisableScriptedObjects (16ms)
		BackupInstance (0ms)
		ReleaseScriptingObjects (0ms)
		CreateAndSetChildDomain (64ms)
	RebuildCommonClasses (85ms)
	RebuildNativeTypeToScriptingClass (22ms)
	initialDomainReloadingComplete (72ms)
	LoadAllAssembliesAndSetupDomain (443ms)
		LoadAssemblies (599ms)
		RebuildTransferFunctionScriptingTraits (0ms)
		AnalyzeDomain (20ms)
			TypeCache.Refresh (8ms)
				TypeCache.ScanAssembly (0ms)
			ScanForSourceGeneratedMonoScriptInfo (0ms)
			ResolveRequiredComponents (10ms)
	FinalizeReload (2085ms)
		ReleaseScriptCaches (0ms)
		RebuildScriptCaches (0ms)
		SetupLoadedEditorAssemblies (931ms)
			LogAssemblyErrors (0ms)
			InitializePlatformSupportModulesInManaged (53ms)
			SetLoadedEditorAssemblies (7ms)
			RefreshPlugins (0ms)
			BeforeProcessingInitializeOnLoad (151ms)
			ProcessInitializeOnLoadAttributes (646ms)
			ProcessInitializeOnLoadMethodAttributes (51ms)
			AfterProcessingInitializeOnLoad (23ms)
			EditorAssembliesLoaded (0ms)
		ExecutionOrderSort2 (0ms)
		AwakeInstancesAfterBackupRestoration (19ms)
Refreshing native plugins compatible for Editor in 11.33 ms, found 4 plugins.
Preloading 0 native plugins for Editor in 0.00 ms.
Unloading 4198 Unused Serialized files (Serialized files now loaded: 0)
Unloading 53 unused Assets / (1.4 MB). Loaded Objects now: 4721.
Memory consumption went from 150.4 MB to 148.9 MB.
Total: 7.003500 ms (FindLiveObjects: 0.510100 ms CreateObjectMapping: 0.202200 ms MarkObjects: 5.632400 ms  DeleteObjects: 0.657300 ms)

Prepare: number of updated asset objects reloaded= 0
AssetImportParameters requested are different than current active one (requested -> active):
  custom:container-demuxer-ogg: 62fdf1f143b41e24485cea50d1cbac27 -> 
  custom:video-decoder-ogg-theora: a1e56fd34408186e4bbccfd4996cb3dc -> 
  custom:framework-win-MediaFoundation: 216162199b28c13a410421893ffa2e32 -> 
  custom:CustomObjectIndexerAttribute: 756ad292c208cfabdd7b50bc23989ffe -> 
  custom:container-demuxer-webm: 4f35f7cbe854078d1ac9338744f61a02 -> 
  custom:container-muxer-webm: aa71ff27fc2769a1b78a27578f13a17b -> 
  custom:video-decoder-webm-vp8: 9c59270c3fd7afecdb556c50c9e8de78 -> 
  custom:SearchIndexIgnoredProperties: e643bd26f0fe6173181afceb89e7c659 -> 
  custom:AudioImporter_EditorPlatform: d09bf68614088b80899f8185d706f6e7 -> 
  custom:video-encoder-webm-vp8: eb34c28f22e8b96e1ab97ce403110664 -> 
  custom:audio-decoder-ogg-vorbis: bf7c407c2cedff20999df2af8eb42d56 -> 
  custom:audio-encoder-webm-vorbis: bf7c407c2cedff20999df2af8eb42d56 -> 
========================================================================
Received Import Request.
  Time since last request: 24.668610 seconds.
  path: Assets/EnemyPrefabs/BloodSplash/BloodDrop (1).prefab
  artifactKey: Guid(1a235c81bed96324681e970479e6656f) Importer(815301076,1909f56bfc062723c751e8b465ee728b)
Start importing Assets/EnemyPrefabs/BloodSplash/BloodDrop (1).prefab using Guid(1a235c81bed96324681e970479e6656f) Importer(815301076,1909f56bfc062723c751e8b465ee728b)  -> (artifact id: '474fcae91336cff6f1f3ea96ddeed7a7') in 0.125634 seconds
Number of updated asset objects reloaded before import = 0
Number of asset objects unloaded after import = 40
========================================================================
Received Import Request.
  Time since last request: 0.000032 seconds.
  path: Assets/EnemyPrefabs/BloodSplash/blööd2.prefab
  artifactKey: Guid(d3f67772d4027194389afbe0fc9818ba) Importer(815301076,1909f56bfc062723c751e8b465ee728b)
Start importing Assets/EnemyPrefabs/BloodSplash/blööd2.prefab using Guid(d3f67772d4027194389afbe0fc9818ba) Importer(815301076,1909f56bfc062723c751e8b465ee728b)  -> (artifact id: 'fd4496847bf8cfbf3371e06fc316bc66') in 0.010235 seconds
Number of updated asset objects reloaded before import = 0
Number of asset objects unloaded after import = 7
========================================================================
Received Import Request.
  Time since last request: 0.000031 seconds.
  path: Assets/EnemyPrefabs/BloodSplash/BloodDrop (4).prefab
  artifactKey: Guid(70f704471c71e8b48869c3e220ec9dce) Importer(815301076,1909f56bfc062723c751e8b465ee728b)
Start importing Assets/EnemyPrefabs/BloodSplash/BloodDrop (4).prefab using Guid(70f704471c71e8b48869c3e220ec9dce) Importer(815301076,1909f56bfc062723c751e8b465ee728b)  -> (artifact id: '6deef588fff5203f57679f00cfe4c43c') in 0.015930 seconds
Number of updated asset objects reloaded before import = 0
Number of asset objects unloaded after import = 40
========================================================================
Received Import Request.
  Time since last request: 0.000019 seconds.
  path: Assets/EnemyPrefabs/BloodSplash/blööd5.prefab
  artifactKey: Guid(a6e18c14e61c41b49b84cffae6a27534) Importer(815301076,1909f56bfc062723c751e8b465ee728b)
Start importing Assets/EnemyPrefabs/BloodSplash/blööd5.prefab using Guid(a6e18c14e61c41b49b84cffae6a27534) Importer(815301076,1909f56bfc062723c751e8b465ee728b)  -> (artifact id: 'aa874c23a5d5cd14105c83daeaff9121') in 0.009320 seconds
Number of updated asset objects reloaded before import = 0
Number of asset objects unloaded after import = 7
========================================================================
Received Import Request.
  Time since last request: 0.458972 seconds.
  path: Assets/EnemyPrefabs/BasicmeleeDark.prefab
  artifactKey: Guid(c1797df921bb98142836661c22b38dc1) Importer(815301076,1909f56bfc062723c751e8b465ee728b)
Start importing Assets/EnemyPrefabs/BasicmeleeDark.prefab using Guid(c1797df921bb98142836661c22b38dc1) Importer(815301076,1909f56bfc062723c751e8b465ee728b)  -> (artifact id: '0f8f993c8d9a0f3439019cd3d1eed3a2') in 0.084647 seconds
Internal: There are remaining Allocations on the JobTempAlloc. This is a leak, and will impact performance
To Debug, run app with -diag-job-temp-memory-leak-validation cmd line argument. This will output the callstacks of the leaked allocations.
Number of updated asset objects reloaded before import = 0
Number of asset objects unloaded after import = 106
========================================================================
Received Import Request.
  Time since last request: 11.402240 seconds.
  path: Assets/EnemyPrefabs/BloodSplash/BloodDrop (1).prefab
  artifactKey: Guid(1a235c81bed96324681e970479e6656f) Importer(815301076,1909f56bfc062723c751e8b465ee728b)
Start importing Assets/EnemyPrefabs/BloodSplash/BloodDrop (1).prefab using Guid(1a235c81bed96324681e970479e6656f) Importer(815301076,1909f56bfc062723c751e8b465ee728b)  -> (artifact id: 'b396598bd601824bbbb6f5449c37ded7') in 0.040265 seconds
Internal: There are remaining Allocations on the JobTempAlloc. This is a leak, and will impact performance
To Debug, run app with -diag-job-temp-memory-leak-validation cmd line argument. This will output the callstacks of the leaked allocations.
Number of updated asset objects reloaded before import = 0
Number of asset objects unloaded after import = 40
========================================================================
Received Import Request.
  Time since last request: 0.000030 seconds.
  path: Assets/EnemyPrefabs/BloodSplash/blööd4.prefab
  artifactKey: Guid(dce7b0791a557e04492cf91656a68f91) Importer(815301076,1909f56bfc062723c751e8b465ee728b)
Start importing Assets/EnemyPrefabs/BloodSplash/blööd4.prefab using Guid(dce7b0791a557e04492cf91656a68f91) Importer(815301076,1909f56bfc062723c751e8b465ee728b)  -> (artifact id: 'a1fb8b7e931e5ffb3f36dc27becb8de4') in 0.009153 seconds
Internal: There are remaining Allocations on the JobTempAlloc. This is a leak, and will impact performance
To Debug, run app with -diag-job-temp-memory-leak-validation cmd line argument. This will output the callstacks of the leaked allocations.
Number of updated asset objects reloaded before import = 0
Number of asset objects unloaded after import = 7
========================================================================
Received Import Request.
  Time since last request: 0.000021 seconds.
  path: Assets/EnemyPrefabs/BloodSplash/blööd3.prefab
  artifactKey: Guid(6096c2d82b4e09e45bbab0be48a38d07) Importer(815301076,1909f56bfc062723c751e8b465ee728b)
Start importing Assets/EnemyPrefabs/BloodSplash/blööd3.prefab using Guid(6096c2d82b4e09e45bbab0be48a38d07) Importer(815301076,1909f56bfc062723c751e8b465ee728b)  -> (artifact id: '4c4f580e753cbc2729c0d607d99a6b55') in 0.011528 seconds
Internal: There are remaining Allocations on the JobTempAlloc. This is a leak, and will impact performance
To Debug, run app with -diag-job-temp-memory-leak-validation cmd line argument. This will output the callstacks of the leaked allocations.
Number of updated asset objects reloaded before import = 0
Number of asset objects unloaded after import = 7
========================================================================
Received Import Request.
  Time since last request: 0.000021 seconds.
  path: Assets/EnemyPrefabs/BloodSplash/blööd5.prefab
  artifactKey: Guid(a6e18c14e61c41b49b84cffae6a27534) Importer(815301076,1909f56bfc062723c751e8b465ee728b)
Start importing Assets/EnemyPrefabs/BloodSplash/blööd5.prefab using Guid(a6e18c14e61c41b49b84cffae6a27534) Importer(815301076,1909f56bfc062723c751e8b465ee728b)  -> (artifact id: 'af538b10ce9dcc40ac7177bd60eb908f') in 0.009277 seconds
Internal: There are remaining Allocations on the JobTempAlloc. This is a leak, and will impact performance
To Debug, run app with -diag-job-temp-memory-leak-validation cmd line argument. This will output the callstacks of the leaked allocations.
Number of updated asset objects reloaded before import = 0
Number of asset objects unloaded after import = 7
========================================================================
Received Prepare
Begin MonoManager ReloadAssembly
Internal: deleting an allocation that is older than its permitted lifetime of 4 frames (age = 5)
Internal: deleting an allocation that is older than its permitted lifetime of 4 frames (age = 5)
Symbol file LoadedFromMemory doesn't match image C:\Users\Ryzen\Documents\GitHub\1BIT-Jam\1bit jam 2023\Library\PackageCache\com.unity.visualscripting@1.8.0\Editor\VisualScripting.Core\Dependencies\YamlDotNet\Unity.VisualScripting.YamlDotNet.dll
Symbol file LoadedFromMemory doesn't match image C:\Users\Ryzen\Documents\GitHub\1BIT-Jam\1bit jam 2023\Library\PackageCache\com.unity.visualscripting@1.8.0\Editor\VisualScripting.Core\Dependencies\DotNetZip\Unity.VisualScripting.IonicZip.dll
- Loaded All Assemblies, in  0.830 seconds
Refreshing native plugins compatible for Editor in 10.62 ms, found 4 plugins.
Native extension for WindowsStandalone target not found
Native extension for Android target not found
Native extension for WebGL target not found
Mono: successfully reloaded assembly
- Finished resetting the current domain, in  2.111 seconds
Domain Reload Profiling: 2928ms
	BeginReloadAssembly (252ms)
		ExecutionOrderSort (0ms)
		DisableScriptedObjects (15ms)
		BackupInstance (0ms)
		ReleaseScriptingObjects (0ms)
		CreateAndSetChildDomain (58ms)
	RebuildCommonClasses (57ms)
	RebuildNativeTypeToScriptingClass (19ms)
	initialDomainReloadingComplete (58ms)
	LoadAllAssembliesAndSetupDomain (430ms)
		LoadAssemblies (545ms)
		RebuildTransferFunctionScriptingTraits (0ms)
		AnalyzeDomain (19ms)
			TypeCache.Refresh (9ms)
				TypeCache.ScanAssembly (0ms)
			ScanForSourceGeneratedMonoScriptInfo (0ms)
			ResolveRequiredComponents (9ms)
	FinalizeReload (2111ms)
		ReleaseScriptCaches (0ms)
		RebuildScriptCaches (0ms)
		SetupLoadedEditorAssemblies (938ms)
			LogAssemblyErrors (0ms)
			InitializePlatformSupportModulesInManaged (51ms)
			SetLoadedEditorAssemblies (7ms)
			RefreshPlugins (0ms)
			BeforeProcessingInitializeOnLoad (152ms)
			ProcessInitializeOnLoadAttributes (656ms)
			ProcessInitializeOnLoadMethodAttributes (50ms)
			AfterProcessingInitializeOnLoad (22ms)
			EditorAssembliesLoaded (0ms)
		ExecutionOrderSort2 (0ms)
		AwakeInstancesAfterBackupRestoration (21ms)
Refreshing native plugins compatible for Editor in 12.08 ms, found 4 plugins.
Preloading 0 native plugins for Editor in 0.00 ms.
Unloading 4198 Unused Serialized files (Serialized files now loaded: 0)
Unloading 53 unused Assets / (1.4 MB). Loaded Objects now: 4725.
Memory consumption went from 150.4 MB to 149.0 MB.
Total: 5.926900 ms (FindLiveObjects: 0.423900 ms CreateObjectMapping: 0.163300 ms MarkObjects: 4.726100 ms  DeleteObjects: 0.612300 ms)

Prepare: number of updated asset objects reloaded= 0
AssetImportParameters requested are different than current active one (requested -> active):
  custom:container-demuxer-ogg: 62fdf1f143b41e24485cea50d1cbac27 -> 
  custom:video-decoder-ogg-theora: a1e56fd34408186e4bbccfd4996cb3dc -> 
  custom:framework-win-MediaFoundation: 216162199b28c13a410421893ffa2e32 -> 
  custom:CustomObjectIndexerAttribute: 756ad292c208cfabdd7b50bc23989ffe -> 
  custom:container-demuxer-webm: 4f35f7cbe854078d1ac9338744f61a02 -> 
  custom:container-muxer-webm: aa71ff27fc2769a1b78a27578f13a17b -> 
  custom:video-decoder-webm-vp8: 9c59270c3fd7afecdb556c50c9e8de78 -> 
  custom:SearchIndexIgnoredProperties: e643bd26f0fe6173181afceb89e7c659 -> 
  custom:AudioImporter_EditorPlatform: d09bf68614088b80899f8185d706f6e7 -> 
  custom:video-encoder-webm-vp8: eb34c28f22e8b96e1ab97ce403110664 -> 
  custom:audio-decoder-ogg-vorbis: bf7c407c2cedff20999df2af8eb42d56 -> 
  custom:audio-encoder-webm-vorbis: bf7c407c2cedff20999df2af8eb42d56 -> 
========================================================================
Received Import Request.
  Time since last request: 175.131421 seconds.
  path: Assets/EnemyPrefabs/BasicmeleeDark.prefab
  artifactKey: Guid(c1797df921bb98142836661c22b38dc1) Importer(815301076,1909f56bfc062723c751e8b465ee728b)
Start importing Assets/EnemyPrefabs/BasicmeleeDark.prefab using Guid(c1797df921bb98142836661c22b38dc1) Importer(815301076,1909f56bfc062723c751e8b465ee728b)  -> (artifact id: 'c0f2267d8776d90350b42b3edf734843') in 0.158083 seconds
Internal: There are remaining Allocations on the JobTempAlloc. This is a leak, and will impact performance
To Debug, run app with -diag-job-temp-memory-leak-validation cmd line argument. This will output the callstacks of the leaked allocations.
Number of updated asset objects reloaded before import = 0
Number of asset objects unloaded after import = 106
========================================================================
Received Import Request.
  Time since last request: 28.813043 seconds.
  path: Assets/art/Enemies/Light/Basics/ranged
  artifactKey: Guid(d4d240a7c1cc48641b23c811485276eb) Importer(815301076,1909f56bfc062723c751e8b465ee728b)
Start importing Assets/art/Enemies/Light/Basics/ranged using Guid(d4d240a7c1cc48641b23c811485276eb) Importer(815301076,1909f56bfc062723c751e8b465ee728b)  -> (artifact id: 'b1be21245b6999ca209c55ef9d340c8e') in 0.000816 seconds
Internal: There are remaining Allocations on the JobTempAlloc. This is a leak, and will impact performance
To Debug, run app with -diag-job-temp-memory-leak-validation cmd line argument. This will output the callstacks of the leaked allocations.
Number of updated asset objects reloaded before import = 0
Number of asset objects unloaded after import = 0
========================================================================
Received Import Request.
  Time since last request: 14.752531 seconds.
  path: Assets/art/Enemies/Light/Basics/ranged/PriestAnim.overrideController
  artifactKey: Guid(c9a8535d46c95a148840e6ef938213e3) Importer(815301076,1909f56bfc062723c751e8b465ee728b)
Start importing Assets/art/Enemies/Light/Basics/ranged/PriestAnim.overrideController using Guid(c9a8535d46c95a148840e6ef938213e3) Importer(815301076,1909f56bfc062723c751e8b465ee728b)  -> (artifact id: '913f95abb6c9128ef847c5d5ca21025d') in 0.004017 seconds
Internal: There are remaining Allocations on the JobTempAlloc. This is a leak, and will impact performance
To Debug, run app with -diag-job-temp-memory-leak-validation cmd line argument. This will output the callstacks of the leaked allocations.
Number of updated asset objects reloaded before import = 0
Number of asset objects unloaded after import = 1
========================================================================
Received Import Request.
  Time since last request: 12.968661 seconds.
  path: Assets/art/Enemies/Light/Basics/ranged/New Animation.anim
  artifactKey: Guid(f499459ddce467c4395b0b8de1d06d12) Importer(815301076,1909f56bfc062723c751e8b465ee728b)
Start importing Assets/art/Enemies/Light/Basics/ranged/New Animation.anim using Guid(f499459ddce467c4395b0b8de1d06d12) Importer(815301076,1909f56bfc062723c751e8b465ee728b)  -> (artifact id: '888769fc8ffd210a55b2c1bd71a8d66e') in 0.003476 seconds
Internal: There are remaining Allocations on the JobTempAlloc. This is a leak, and will impact performance
To Debug, run app with -diag-job-temp-memory-leak-validation cmd line argument. This will output the callstacks of the leaked allocations.
Number of updated asset objects reloaded before import = 0
Number of asset objects unloaded after import = 1
========================================================================
Received Import Request.
  Time since last request: 0.801594 seconds.
  path: Assets/art/Enemies/Light/Basics/ranged/PriestAnim.overrideController
  artifactKey: Guid(c9a8535d46c95a148840e6ef938213e3) Importer(815301076,1909f56bfc062723c751e8b465ee728b)
Start importing Assets/art/Enemies/Light/Basics/ranged/PriestAnim.overrideController using Guid(c9a8535d46c95a148840e6ef938213e3) Importer(815301076,1909f56bfc062723c751e8b465ee728b)  -> (artifact id: '19a13b911127f4162ba2da4c22ecde83') in 0.006160 seconds
Internal: There are remaining Allocations on the JobTempAlloc. This is a leak, and will impact performance
To Debug, run app with -diag-job-temp-memory-leak-validation cmd line argument. This will output the callstacks of the leaked allocations.
Number of updated asset objects reloaded before import = 0
Number of asset objects unloaded after import = 13
========================================================================
Received Import Request.
  Time since last request: 0.736881 seconds.
  path: Assets/art/Enemies/Light/Basics/ranged/New Animation 2.anim
  artifactKey: Guid(42dd251417d36564a9af56a33d0fc984) Importer(815301076,1909f56bfc062723c751e8b465ee728b)
Start importing Assets/art/Enemies/Light/Basics/ranged/New Animation 2.anim using Guid(42dd251417d36564a9af56a33d0fc984) Importer(815301076,1909f56bfc062723c751e8b465ee728b)  -> (artifact id: 'a571b27d96cdf42cb149d6c667259be7') in 0.003683 seconds
Internal: There are remaining Allocations on the JobTempAlloc. This is a leak, and will impact performance
To Debug, run app with -diag-job-temp-memory-leak-validation cmd line argument. This will output the callstacks of the leaked allocations.
Number of updated asset objects reloaded before import = 0
Number of asset objects unloaded after import = 1
========================================================================
Received Import Request.
  Time since last request: 2.597962 seconds.
  path: Assets/art/Enemies/Light/Basics/ranged/Idle.anim
  artifactKey: Guid(f499459ddce467c4395b0b8de1d06d12) Importer(815301076,1909f56bfc062723c751e8b465ee728b)
Start importing Assets/art/Enemies/Light/Basics/ranged/Idle.anim using Guid(f499459ddce467c4395b0b8de1d06d12) Importer(815301076,1909f56bfc062723c751e8b465ee728b)  -> (artifact id: 'b67d2a784002823cfc5b159509d1b533') in 0.004093 seconds
Internal: There are remaining Allocations on the JobTempAlloc. This is a leak, and will impact performance
To Debug, run app with -diag-job-temp-memory-leak-validation cmd line argument. This will output the callstacks of the leaked allocations.
Number of updated asset objects reloaded before import = 0
Number of asset objects unloaded after import = 1
========================================================================
Received Import Request.
  Time since last request: 6.607914 seconds.
  path: Assets/art/Enemies/Light/Basics/ranged/Atack.anim
  artifactKey: Guid(48201ca8696347143887391652702345) Importer(815301076,1909f56bfc062723c751e8b465ee728b)
Start importing Assets/art/Enemies/Light/Basics/ranged/Atack.anim using Guid(48201ca8696347143887391652702345) Importer(815301076,1909f56bfc062723c751e8b465ee728b)  -> (artifact id: '43949a3c818c4e331f75ff901a315983') in 0.004208 seconds
Internal: There are remaining Allocations on the JobTempAlloc. This is a leak, and will impact performance
To Debug, run app with -diag-job-temp-memory-leak-validation cmd line argument. This will output the callstacks of the leaked allocations.
Number of updated asset objects reloaded before import = 0
Number of asset objects unloaded after import = 1
========================================================================
Received Import Request.
  Time since last request: 4.003340 seconds.
  path: Assets/art/Enemies/Light/Basics/ranged/Walk.anim
  artifactKey: Guid(42dd251417d36564a9af56a33d0fc984) Importer(815301076,1909f56bfc062723c751e8b465ee728b)
Start importing Assets/art/Enemies/Light/Basics/ranged/Walk.anim using Guid(42dd251417d36564a9af56a33d0fc984) Importer(815301076,1909f56bfc062723c751e8b465ee728b)  -> (artifact id: 'fb6fdb6f22bdf02dba14cda3f3c470ce') in 0.004151 seconds
Internal: There are remaining Allocations on the JobTempAlloc. This is a leak, and will impact performance
To Debug, run app with -diag-job-temp-memory-leak-validation cmd line argument. This will output the callstacks of the leaked allocations.
Number of updated asset objects reloaded before import = 0
Number of asset objects unloaded after import = 1
========================================================================
Received Import Request.
  Time since last request: 565.939700 seconds.
  path: Assets/EnemyPrefabs/Shanker 1.prefab
  artifactKey: Guid(0958d0dca80bcad4d93173dbf8617ca7) Importer(815301076,1909f56bfc062723c751e8b465ee728b)
Start importing Assets/EnemyPrefabs/Shanker 1.prefab using Guid(0958d0dca80bcad4d93173dbf8617ca7) Importer(815301076,1909f56bfc062723c751e8b465ee728b)  -> (artifact id: 'fdbe3d2b3ac71d4cdae4f22dc25d1da1') in 0.066679 seconds
Internal: There are remaining Allocations on the JobTempAlloc. This is a leak, and will impact performance
To Debug, run app with -diag-job-temp-memory-leak-validation cmd line argument. This will output the callstacks of the leaked allocations.
Number of updated asset objects reloaded before import = 0
Number of asset objects unloaded after import = 128
========================================================================
Received Import Request.
  Time since last request: 10.546883 seconds.
  path: Assets/EnemyPrefabs/Priest.prefab
  artifactKey: Guid(0958d0dca80bcad4d93173dbf8617ca7) Importer(815301076,1909f56bfc062723c751e8b465ee728b)
Start importing Assets/EnemyPrefabs/Priest.prefab using Guid(0958d0dca80bcad4d93173dbf8617ca7) Importer(815301076,1909f56bfc062723c751e8b465ee728b)  -> (artifact id: '6f0c0b76bf1053014d55348beedcda1a') in 0.058522 seconds
Internal: There are remaining Allocations on the JobTempAlloc. This is a leak, and will impact performance
To Debug, run app with -diag-job-temp-memory-leak-validation cmd line argument. This will output the callstacks of the leaked allocations.
Number of updated asset objects reloaded before import = 0
Number of asset objects unloaded after import = 128
========================================================================
Received Import Request.
  Time since last request: 7.035368 seconds.
  path: Assets/art/Enemies/Light/Basics/ranged/PriestAnim.overrideController
  artifactKey: Guid(c9a8535d46c95a148840e6ef938213e3) Importer(815301076,1909f56bfc062723c751e8b465ee728b)
Start importing Assets/art/Enemies/Light/Basics/ranged/PriestAnim.overrideController using Guid(c9a8535d46c95a148840e6ef938213e3) Importer(815301076,1909f56bfc062723c751e8b465ee728b)  -> (artifact id: 'ef470e9d7327266335c969764c075d13') in 0.005719 seconds
Internal: There are remaining Allocations on the JobTempAlloc. This is a leak, and will impact performance
To Debug, run app with -diag-job-temp-memory-leak-validation cmd line argument. This will output the callstacks of the leaked allocations.
Number of updated asset objects reloaded before import = 0
Number of asset objects unloaded after import = 16
========================================================================
Received Import Request.
  Time since last request: 2.339606 seconds.
  path: Assets/EnemyPrefabs/Priest.prefab
  artifactKey: Guid(0958d0dca80bcad4d93173dbf8617ca7) Importer(815301076,1909f56bfc062723c751e8b465ee728b)
Start importing Assets/EnemyPrefabs/Priest.prefab using Guid(0958d0dca80bcad4d93173dbf8617ca7) Importer(815301076,1909f56bfc062723c751e8b465ee728b)  -> (artifact id: '969dfd438b0516963d133651a86de787') in 0.057925 seconds
Internal: There are remaining Allocations on the JobTempAlloc. This is a leak, and will impact performance
To Debug, run app with -diag-job-temp-memory-leak-validation cmd line argument. This will output the callstacks of the leaked allocations.
Number of updated asset objects reloaded before import = 0
Number of asset objects unloaded after import = 112
========================================================================
Received Import Request.
  Time since last request: 26.304696 seconds.
  path: Assets/art/Enemies/Light/Basics/ranged/Inf.txt
  artifactKey: Guid(40baf7e577a686c48b7ab9e5ce4e2f24) Importer(815301076,1909f56bfc062723c751e8b465ee728b)
Start importing Assets/art/Enemies/Light/Basics/ranged/Inf.txt using Guid(40baf7e577a686c48b7ab9e5ce4e2f24) Importer(815301076,1909f56bfc062723c751e8b465ee728b)  -> (artifact id: 'c582449bfb487b45cffecb8269fab73a') in 0.001346 seconds
Internal: JobTempAlloc has allocations that are more than the maximum lifespan of 4 frames old - this is not allowed and likely a leak
To Debug, run app with -diag-job-temp-memory-leak-validation cmd line argument. This will output the callstacks of the leaked allocations.
Internal: There are remaining Allocations on the JobTempAlloc. This is a leak, and will impact performance
To Debug, run app with -diag-job-temp-memory-leak-validation cmd line argument. This will output the callstacks of the leaked allocations.
Number of updated asset objects reloaded before import = 0
Number of asset objects unloaded after import = 1
========================================================================
Received Import Request.
  Time since last request: 465.927655 seconds.
  path: Assets/EnemyPrefabs/Priest.prefab
  artifactKey: Guid(0958d0dca80bcad4d93173dbf8617ca7) Importer(815301076,1909f56bfc062723c751e8b465ee728b)
Start importing Assets/EnemyPrefabs/Priest.prefab using Guid(0958d0dca80bcad4d93173dbf8617ca7) Importer(815301076,1909f56bfc062723c751e8b465ee728b)  -> (artifact id: 'dba1afa2f7b2daa23a9a7a3b6b9b06f3') in 0.055384 seconds
Internal: There are remaining Allocations on the JobTempAlloc. This is a leak, and will impact performance
To Debug, run app with -diag-job-temp-memory-leak-validation cmd line argument. This will output the callstacks of the leaked allocations.
Number of updated asset objects reloaded before import = 0
Number of asset objects unloaded after import = 111
========================================================================
Received Import Request.
  Time since last request: 11.196063 seconds.
  path: Assets/EnemyPrefabs/Priest.prefab
  artifactKey: Guid(0958d0dca80bcad4d93173dbf8617ca7) Importer(815301076,1909f56bfc062723c751e8b465ee728b)
Start importing Assets/EnemyPrefabs/Priest.prefab using Guid(0958d0dca80bcad4d93173dbf8617ca7) Importer(815301076,1909f56bfc062723c751e8b465ee728b)  -> (artifact id: '76ec362fa3e8bfd00dff94dd8394a9e4') in 0.062613 seconds
Internal: There are remaining Allocations on the JobTempAlloc. This is a leak, and will impact performance
To Debug, run app with -diag-job-temp-memory-leak-validation cmd line argument. This will output the callstacks of the leaked allocations.
Number of updated asset objects reloaded before import = 0
Number of asset objects unloaded after import = 111
========================================================================
Received Import Request.
  Time since last request: 17.785684 seconds.
  path: Assets/EnemyPrefabs/Priest.prefab
  artifactKey: Guid(0958d0dca80bcad4d93173dbf8617ca7) Importer(815301076,1909f56bfc062723c751e8b465ee728b)
Start importing Assets/EnemyPrefabs/Priest.prefab using Guid(0958d0dca80bcad4d93173dbf8617ca7) Importer(815301076,1909f56bfc062723c751e8b465ee728b)  -> (artifact id: 'd5ed83d24109029c2531ed4fad423564') in 0.062890 seconds
Internal: There are remaining Allocations on the JobTempAlloc. This is a leak, and will impact performance
To Debug, run app with -diag-job-temp-memory-leak-validation cmd line argument. This will output the callstacks of the leaked allocations.
Number of updated asset objects reloaded before import = 0
Number of asset objects unloaded after import = 111
========================================================================
Received Import Request.
  Time since last request: 18.581281 seconds.
  path: Assets/EnemyPrefabs/Priest.prefab
  artifactKey: Guid(0958d0dca80bcad4d93173dbf8617ca7) Importer(815301076,1909f56bfc062723c751e8b465ee728b)
Start importing Assets/EnemyPrefabs/Priest.prefab using Guid(0958d0dca80bcad4d93173dbf8617ca7) Importer(815301076,1909f56bfc062723c751e8b465ee728b)  -> (artifact id: '721439d10d020bbf074c5127a735fa13') in 0.062078 seconds
Internal: There are remaining Allocations on the JobTempAlloc. This is a leak, and will impact performance
To Debug, run app with -diag-job-temp-memory-leak-validation cmd line argument. This will output the callstacks of the leaked allocations.
Number of updated asset objects reloaded before import = 0
Number of asset objects unloaded after import = 111
========================================================================
Received Import Request.
  Time since last request: 1.754509 seconds.
  path: Assets/EnemyPrefabs/Priest.prefab
  artifactKey: Guid(0958d0dca80bcad4d93173dbf8617ca7) Importer(815301076,1909f56bfc062723c751e8b465ee728b)
Start importing Assets/EnemyPrefabs/Priest.prefab using Guid(0958d0dca80bcad4d93173dbf8617ca7) Importer(815301076,1909f56bfc062723c751e8b465ee728b)  -> (artifact id: 'bc6483521a7b53fd6fc330353b147b07') in 0.061481 seconds
Internal: There are remaining Allocations on the JobTempAlloc. This is a leak, and will impact performance
To Debug, run app with -diag-job-temp-memory-leak-validation cmd line argument. This will output the callstacks of the leaked allocations.
Number of updated asset objects reloaded before import = 0
Number of asset objects unloaded after import = 111
========================================================================
Received Import Request.
  Time since last request: 1.338937 seconds.
  path: Assets/EnemyPrefabs/Priest.prefab
  artifactKey: Guid(0958d0dca80bcad4d93173dbf8617ca7) Importer(815301076,1909f56bfc062723c751e8b465ee728b)
Start importing Assets/EnemyPrefabs/Priest.prefab using Guid(0958d0dca80bcad4d93173dbf8617ca7) Importer(815301076,1909f56bfc062723c751e8b465ee728b)  -> (artifact id: 'b80bf94a7555de2a679d1588654c5b13') in 0.063616 seconds
Internal: There are remaining Allocations on the JobTempAlloc. This is a leak, and will impact performance
To Debug, run app with -diag-job-temp-memory-leak-validation cmd line argument. This will output the callstacks of the leaked allocations.
Number of updated asset objects reloaded before import = 0
Number of asset objects unloaded after import = 111
========================================================================
Received Import Request.
  Time since last request: 1.758849 seconds.
  path: Assets/EnemyPrefabs/Priest.prefab
  artifactKey: Guid(0958d0dca80bcad4d93173dbf8617ca7) Importer(815301076,1909f56bfc062723c751e8b465ee728b)
Start importing Assets/EnemyPrefabs/Priest.prefab using Guid(0958d0dca80bcad4d93173dbf8617ca7) Importer(815301076,1909f56bfc062723c751e8b465ee728b)  -> (artifact id: 'fea9e859827b51bcb2e6f68dec47e107') in 0.062740 seconds
Internal: There are remaining Allocations on the JobTempAlloc. This is a leak, and will impact performance
To Debug, run app with -diag-job-temp-memory-leak-validation cmd line argument. This will output the callstacks of the leaked allocations.
Number of updated asset objects reloaded before import = 0
Number of asset objects unloaded after import = 111
========================================================================
Received Import Request.
  Time since last request: 9.085447 seconds.
  path: Assets/EnemyPrefabs/Shanker.prefab
  artifactKey: Guid(6f8f7d2200783754cbb94f5f2201ab57) Importer(815301076,1909f56bfc062723c751e8b465ee728b)
Start importing Assets/EnemyPrefabs/Shanker.prefab using Guid(6f8f7d2200783754cbb94f5f2201ab57) Importer(815301076,1909f56bfc062723c751e8b465ee728b)  -> (artifact id: 'a97a84afb4c46775e090cb3d87fc8174') in 0.058678 seconds
Internal: There are remaining Allocations on the JobTempAlloc. This is a leak, and will impact performance
To Debug, run app with -diag-job-temp-memory-leak-validation cmd line argument. This will output the callstacks of the leaked allocations.
Number of updated asset objects reloaded before import = 0
Number of asset objects unloaded after import = 128
========================================================================
Received Import Request.
  Time since last request: 1.334433 seconds.
  path: Assets/EnemyPrefabs/Shanker.prefab
  artifactKey: Guid(6f8f7d2200783754cbb94f5f2201ab57) Importer(815301076,1909f56bfc062723c751e8b465ee728b)
Start importing Assets/EnemyPrefabs/Shanker.prefab using Guid(6f8f7d2200783754cbb94f5f2201ab57) Importer(815301076,1909f56bfc062723c751e8b465ee728b)  -> (artifact id: 'd2f3effa62f99b1a3adc6efc118ec3b9') in 0.058463 seconds
Internal: There are remaining Allocations on the JobTempAlloc. This is a leak, and will impact performance
To Debug, run app with -diag-job-temp-memory-leak-validation cmd line argument. This will output the callstacks of the leaked allocations.
Number of updated asset objects reloaded before import = 0
Number of asset objects unloaded after import = 128
========================================================================
Received Import Request.
  Time since last request: 1.368665 seconds.
  path: Assets/EnemyPrefabs/Shanker.prefab
  artifactKey: Guid(6f8f7d2200783754cbb94f5f2201ab57) Importer(815301076,1909f56bfc062723c751e8b465ee728b)
Start importing Assets/EnemyPrefabs/Shanker.prefab using Guid(6f8f7d2200783754cbb94f5f2201ab57) Importer(815301076,1909f56bfc062723c751e8b465ee728b)  -> (artifact id: 'b799c87742f3c47754d6f3d33d2a8fa8') in 0.071623 seconds
Internal: There are remaining Allocations on the JobTempAlloc. This is a leak, and will impact performance
To Debug, run app with -diag-job-temp-memory-leak-validation cmd line argument. This will output the callstacks of the leaked allocations.
Number of updated asset objects reloaded before import = 0
Number of asset objects unloaded after import = 128
========================================================================
Received Import Request.
  Time since last request: 11.549321 seconds.
  path: Assets/EnemyPrefabs/ShankWhiteCorpse 1.prefab
  artifactKey: Guid(9412cbebdd741af4a8de14337141b1bc) Importer(815301076,1909f56bfc062723c751e8b465ee728b)
Start importing Assets/EnemyPrefabs/ShankWhiteCorpse 1.prefab using Guid(9412cbebdd741af4a8de14337141b1bc) Importer(815301076,1909f56bfc062723c751e8b465ee728b)  -> (artifact id: '4c09789683bfff1b6333450b058e25a3') in 0.015236 seconds
Internal: JobTempAlloc has allocations that are more than the maximum lifespan of 4 frames old - this is not allowed and likely a leak
To Debug, run app with -diag-job-temp-memory-leak-validation cmd line argument. This will output the callstacks of the leaked allocations.
Internal: There are remaining Allocations on the JobTempAlloc. This is a leak, and will impact performance
To Debug, run app with -diag-job-temp-memory-leak-validation cmd line argument. This will output the callstacks of the leaked allocations.
Number of updated asset objects reloaded before import = 0
Number of asset objects unloaded after import = 10
========================================================================
Received Import Request.
  Time since last request: 0.019547 seconds.
  path: Assets/EnemyPrefabs/Priest.prefab
  artifactKey: Guid(0958d0dca80bcad4d93173dbf8617ca7) Importer(815301076,1909f56bfc062723c751e8b465ee728b)
Start importing Assets/EnemyPrefabs/Priest.prefab using Guid(0958d0dca80bcad4d93173dbf8617ca7) Importer(815301076,1909f56bfc062723c751e8b465ee728b)  -> (artifact id: '9ff4eadd10eba8fbe9a51044d0c5f5fa') in 0.067008 seconds
Internal: There are remaining Allocations on the JobTempAlloc. This is a leak, and will impact performance
To Debug, run app with -diag-job-temp-memory-leak-validation cmd line argument. This will output the callstacks of the leaked allocations.
Number of updated asset objects reloaded before import = 0
Number of asset objects unloaded after import = 139
========================================================================
Received Import Request.
  Time since last request: 18.424967 seconds.
  path: Assets/EnemyPrefabs/PriestCorpse.prefab
  artifactKey: Guid(9412cbebdd741af4a8de14337141b1bc) Importer(815301076,1909f56bfc062723c751e8b465ee728b)
Start importing Assets/EnemyPrefabs/PriestCorpse.prefab using Guid(9412cbebdd741af4a8de14337141b1bc) Importer(815301076,1909f56bfc062723c751e8b465ee728b)  -> (artifact id: '0e028e03868b8b2fdd4ca313497b26b4') in 0.013732 seconds
Internal: There are remaining Allocations on the JobTempAlloc. This is a leak, and will impact performance
To Debug, run app with -diag-job-temp-memory-leak-validation cmd line argument. This will output the callstacks of the leaked allocations.
Number of updated asset objects reloaded before import = 0
Number of asset objects unloaded after import = 10
========================================================================
Received Import Request.
  Time since last request: 18.569553 seconds.
  path: Assets/EnemyPrefabs/PriestCorpse.prefab
  artifactKey: Guid(9412cbebdd741af4a8de14337141b1bc) Importer(815301076,1909f56bfc062723c751e8b465ee728b)
Start importing Assets/EnemyPrefabs/PriestCorpse.prefab using Guid(9412cbebdd741af4a8de14337141b1bc) Importer(815301076,1909f56bfc062723c751e8b465ee728b)  -> (artifact id: 'ccfa673e3df12da3e91607b3dd252cd8') in 0.008122 seconds
Internal: There are remaining Allocations on the JobTempAlloc. This is a leak, and will impact performance
To Debug, run app with -diag-job-temp-memory-leak-validation cmd line argument. This will output the callstacks of the leaked allocations.
Number of updated asset objects reloaded before import = 0
Number of asset objects unloaded after import = 10
========================================================================
Received Import Request.
  Time since last request: 5.615893 seconds.
  path: Assets/EnemyPrefabs/Priest.prefab
  artifactKey: Guid(0958d0dca80bcad4d93173dbf8617ca7) Importer(815301076,1909f56bfc062723c751e8b465ee728b)
Start importing Assets/EnemyPrefabs/Priest.prefab using Guid(0958d0dca80bcad4d93173dbf8617ca7) Importer(815301076,1909f56bfc062723c751e8b465ee728b)  -> (artifact id: '15e1eb8bb57e8b08125fe687fef1703d') in 0.063953 seconds
Internal: There are remaining Allocations on the JobTempAlloc. This is a leak, and will impact performance
To Debug, run app with -diag-job-temp-memory-leak-validation cmd line argument. This will output the callstacks of the leaked allocations.
Number of updated asset objects reloaded before import = 0
Number of asset objects unloaded after import = 139
========================================================================
Received Import Request.
  Time since last request: 15.470297 seconds.
  path: Assets/EnemyPrefabs/Priest.prefab
  artifactKey: Guid(0958d0dca80bcad4d93173dbf8617ca7) Importer(815301076,1909f56bfc062723c751e8b465ee728b)
Start importing Assets/EnemyPrefabs/Priest.prefab using Guid(0958d0dca80bcad4d93173dbf8617ca7) Importer(815301076,1909f56bfc062723c751e8b465ee728b)  -> (artifact id: '04e27aafa78304bc7a234fc8638a5344') in 0.067334 seconds
Internal: There are remaining Allocations on the JobTempAlloc. This is a leak, and will impact performance
To Debug, run app with -diag-job-temp-memory-leak-validation cmd line argument. This will output the callstacks of the leaked allocations.
Number of updated asset objects reloaded before import = 0
Number of asset objects unloaded after import = 139
========================================================================
Received Import Request.
  Time since last request: 10.681898 seconds.
  path: Assets/EnemyPrefabs/Priest.prefab
  artifactKey: Guid(0958d0dca80bcad4d93173dbf8617ca7) Importer(815301076,1909f56bfc062723c751e8b465ee728b)
Start importing Assets/EnemyPrefabs/Priest.prefab using Guid(0958d0dca80bcad4d93173dbf8617ca7) Importer(815301076,1909f56bfc062723c751e8b465ee728b)  -> (artifact id: '3d03c1b6c02446587be5e2650e7b2730') in 0.063606 seconds
Internal: There are remaining Allocations on the JobTempAlloc. This is a leak, and will impact performance
To Debug, run app with -diag-job-temp-memory-leak-validation cmd line argument. This will output the callstacks of the leaked allocations.
Number of updated asset objects reloaded before import = 0
Number of asset objects unloaded after import = 139
========================================================================
Received Import Request.
  Time since last request: 1.747769 seconds.
  path: Assets/EnemyPrefabs/Priest.prefab
  artifactKey: Guid(0958d0dca80bcad4d93173dbf8617ca7) Importer(815301076,1909f56bfc062723c751e8b465ee728b)
Start importing Assets/EnemyPrefabs/Priest.prefab using Guid(0958d0dca80bcad4d93173dbf8617ca7) Importer(815301076,1909f56bfc062723c751e8b465ee728b)  -> (artifact id: '8844afaca219e368cf5ef1bf3d703a25') in 0.071042 seconds
Internal: There are remaining Allocations on the JobTempAlloc. This is a leak, and will impact performance
To Debug, run app with -diag-job-temp-memory-leak-validation cmd line argument. This will output the callstacks of the leaked allocations.
Number of updated asset objects reloaded before import = 0
Number of asset objects unloaded after import = 139
========================================================================
Received Prepare
Begin MonoManager ReloadAssembly
Internal: deleting an allocation that is older than its permitted lifetime of 4 frames (age = 7)
Internal: deleting an allocation that is older than its permitted lifetime of 4 frames (age = 7)
Internal: deleting an allocation that is older than its permitted lifetime of 4 frames (age = 9)
Internal: deleting an allocation that is older than its permitted lifetime of 4 frames (age = 9)
Internal: deleting an allocation that is older than its permitted lifetime of 4 frames (age = 10)
Internal: deleting an allocation that is older than its permitted lifetime of 4 frames (age = 10)
Internal: deleting an allocation that is older than its permitted lifetime of 4 frames (age = 11)
Internal: deleting an allocation that is older than its permitted lifetime of 4 frames (age = 11)
Internal: deleting an allocation that is older than its permitted lifetime of 4 frames (age = 12)
Internal: deleting an allocation that is older than its permitted lifetime of 4 frames (age = 12)
Internal: deleting an allocation that is older than its permitted lifetime of 4 frames (age = 13)
Internal: deleting an allocation that is older than its permitted lifetime of 4 frames (age = 13)
Internal: deleting an allocation that is older than its permitted lifetime of 4 frames (age = 14)
Internal: deleting an allocation that is older than its permitted lifetime of 4 frames (age = 14)
Internal: deleting an allocation that is older than its permitted lifetime of 4 frames (age = 15)
Internal: deleting an allocation that is older than its permitted lifetime of 4 frames (age = 15)
Internal: deleting an allocation that is older than its permitted lifetime of 4 frames (age = 6)
Internal: deleting an allocation that is older than its permitted lifetime of 4 frames (age = 6)
Internal: deleting an allocation that is older than its permitted lifetime of 4 frames (age = 7)
Internal: deleting an allocation that is older than its permitted lifetime of 4 frames (age = 7)
Symbol file LoadedFromMemory doesn't match image C:\Users\Ryzen\Documents\GitHub\1BIT-Jam\1bit jam 2023\Library\PackageCache\com.unity.visualscripting@1.8.0\Editor\VisualScripting.Core\Dependencies\YamlDotNet\Unity.VisualScripting.YamlDotNet.dll
Symbol file LoadedFromMemory doesn't match image C:\Users\Ryzen\Documents\GitHub\1BIT-Jam\1bit jam 2023\Library\PackageCache\com.unity.visualscripting@1.8.0\Editor\VisualScripting.Core\Dependencies\DotNetZip\Unity.VisualScripting.IonicZip.dll
- Loaded All Assemblies, in  0.861 seconds
Refreshing native plugins compatible for Editor in 11.45 ms, found 4 plugins.
Native extension for WindowsStandalone target not found
Native extension for Android target not found
Native extension for WebGL target not found
Mono: successfully reloaded assembly
- Finished resetting the current domain, in  2.198 seconds
Domain Reload Profiling: 3049ms
	BeginReloadAssembly (278ms)
		ExecutionOrderSort (0ms)
		DisableScriptedObjects (22ms)
		BackupInstance (0ms)
		ReleaseScriptingObjects (0ms)
		CreateAndSetChildDomain (59ms)
	RebuildCommonClasses (56ms)
	RebuildNativeTypeToScriptingClass (23ms)
	initialDomainReloadingComplete (60ms)
	LoadAllAssembliesAndSetupDomain (433ms)
		LoadAssemblies (553ms)
		RebuildTransferFunctionScriptingTraits (0ms)
		AnalyzeDomain (21ms)
			TypeCache.Refresh (9ms)
				TypeCache.ScanAssembly (0ms)
			ScanForSourceGeneratedMonoScriptInfo (0ms)
			ResolveRequiredComponents (10ms)
	FinalizeReload (2199ms)
		ReleaseScriptCaches (0ms)
		RebuildScriptCaches (0ms)
		SetupLoadedEditorAssemblies (920ms)
			LogAssemblyErrors (0ms)
			InitializePlatformSupportModulesInManaged (56ms)
			SetLoadedEditorAssemblies (7ms)
			RefreshPlugins (0ms)
			BeforeProcessingInitializeOnLoad (154ms)
			ProcessInitializeOnLoadAttributes (634ms)
			ProcessInitializeOnLoadMethodAttributes (47ms)
			AfterProcessingInitializeOnLoad (21ms)
			EditorAssembliesLoaded (0ms)
		ExecutionOrderSort2 (0ms)
		AwakeInstancesAfterBackupRestoration (19ms)
Refreshing native plugins compatible for Editor in 11.23 ms, found 4 plugins.
Preloading 0 native plugins for Editor in 0.00 ms.
Unloading 4198 Unused Serialized files (Serialized files now loaded: 0)
Unloading 53 unused Assets / (1.4 MB). Loaded Objects now: 4729.
Memory consumption went from 150.5 MB to 149.1 MB.
Total: 6.177600 ms (FindLiveObjects: 0.503300 ms CreateObjectMapping: 0.149300 ms MarkObjects: 4.976600 ms  DeleteObjects: 0.547000 ms)

Prepare: number of updated asset objects reloaded= 0
AssetImportParameters requested are different than current active one (requested -> active):
  custom:container-demuxer-ogg: 62fdf1f143b41e24485cea50d1cbac27 -> 
  custom:video-decoder-ogg-theora: a1e56fd34408186e4bbccfd4996cb3dc -> 
  custom:framework-win-MediaFoundation: 216162199b28c13a410421893ffa2e32 -> 
  custom:CustomObjectIndexerAttribute: 756ad292c208cfabdd7b50bc23989ffe -> 
  custom:container-demuxer-webm: 4f35f7cbe854078d1ac9338744f61a02 -> 
  custom:container-muxer-webm: aa71ff27fc2769a1b78a27578f13a17b -> 
  custom:video-decoder-webm-vp8: 9c59270c3fd7afecdb556c50c9e8de78 -> 
  custom:SearchIndexIgnoredProperties: e643bd26f0fe6173181afceb89e7c659 -> 
  custom:AudioImporter_EditorPlatform: d09bf68614088b80899f8185d706f6e7 -> 
  custom:video-encoder-webm-vp8: eb34c28f22e8b96e1ab97ce403110664 -> 
  custom:audio-decoder-ogg-vorbis: bf7c407c2cedff20999df2af8eb42d56 -> 
  custom:audio-encoder-webm-vorbis: bf7c407c2cedff20999df2af8eb42d56 -> 
========================================================================
Received Prepare
Refreshing native plugins compatible for Editor in 8.76 ms, found 4 plugins.
Preloading 0 native plugins for Editor in 0.00 ms.
Unloading 19 Unused Serialized files (Serialized files now loaded: 0)
Unloading 19 unused Assets / (1.4 MB). Loaded Objects now: 4729.
Memory consumption went from 86.6 MB to 85.2 MB.
Total: 5.266400 ms (FindLiveObjects: 0.405500 ms CreateObjectMapping: 0.145400 ms MarkObjects: 4.180200 ms  DeleteObjects: 0.534200 ms)

Prepare: number of updated asset objects reloaded= 0
AssetImportParameters requested are different than current active one (requested -> active):
  custom:container-demuxer-ogg: 62fdf1f143b41e24485cea50d1cbac27 -> 
  custom:video-decoder-ogg-theora: a1e56fd34408186e4bbccfd4996cb3dc -> 
  custom:framework-win-MediaFoundation: 216162199b28c13a410421893ffa2e32 -> 
  custom:CustomObjectIndexerAttribute: 756ad292c208cfabdd7b50bc23989ffe -> 
  custom:container-demuxer-webm: 4f35f7cbe854078d1ac9338744f61a02 -> 
  custom:container-muxer-webm: aa71ff27fc2769a1b78a27578f13a17b -> 
  custom:video-decoder-webm-vp8: 9c59270c3fd7afecdb556c50c9e8de78 -> 
  custom:SearchIndexIgnoredProperties: e643bd26f0fe6173181afceb89e7c659 -> 
  custom:AudioImporter_EditorPlatform: d09bf68614088b80899f8185d706f6e7 -> 
  custom:video-encoder-webm-vp8: eb34c28f22e8b96e1ab97ce403110664 -> 
  custom:audio-decoder-ogg-vorbis: bf7c407c2cedff20999df2af8eb42d56 -> 
  custom:audio-encoder-webm-vorbis: bf7c407c2cedff20999df2af8eb42d56 -> 
